
=== Fri Jul 26 17:39:38 2019

Packages were changed.
Update Mode: mergeDefaultDependencies

The following packages were added:
  com.unity.ext.nunit@1.0.0
  com.unity.test-framework@1.0.13
  com.unity.ide.vscode@1.0.7
  com.unity.ide.visualstudio@1.0.11
  com.unity.ide.rider@1.0.8
  com.unity.ugui@1.0.0
  com.unity.modules.androidjni@1.0.0
The following packages were updated:
  com.unity.collab-proxy from version 1.2.9 to 1.2.16
  com.unity.textmeshpro from version 2.0.0 to 2.0.1
  com.unity.timeline from version 0.0.0-builtin to 1.1.0

=== Fri Jul 26 19:30:56 2019

Packages were changed.
Update Mode: updateDependencies

The following packages were added:
  com.unity.2d.tilemap@1.0.0
  com.unity.analytics@3.3.2
  com.unity.purchasing@2.0.6
  com.unity.ads@2.0.8
  com.unity.2d.sprite@1.0.0
  com.unity.multiplayer-hlapi@1.0.2
  com.unity.xr.legacyinputhelpers@2.0.2

=== Sun Aug  4 01:01:24 2019

Packages were changed.
Update Mode: updateDependencies

The following packages were updated:
  com.unity.multiplayer-hlapi from version 1.0.2 to 1.0.4
  com.unity.test-framework from version 1.0.13 to 1.0.17
  com.unity.xr.legacyinputhelpers from version 2.0.2 to 2.0.4

=== Wed Aug  7 19:27:08 2019

Packages were changed.
Update Mode: resetToDefaultDependencies

The following packages were added:
  com.unity.package-manager-ui@2.0.7
The following packages were updated:
  com.unity.analytics from version 3.3.2 to 3.2.2
  com.unity.purchasing from version 2.0.6 to 2.0.3
  com.unity.textmeshpro from version 2.0.1 to 1.4.1
  com.unity.collab-proxy from version 1.2.16 to 1.2.15
The following packages were removed:
  com.unity.2d.sprite@1.0.0
  com.unity.2d.tilemap@1.0.0
  com.unity.ext.nunit@1.0.0
  com.unity.ide.rider@1.0.8
  com.unity.ide.visualstudio@1.0.11
  com.unity.ide.vscode@1.0.7
  com.unity.multiplayer-hlapi@1.0.4
  com.unity.test-framework@1.0.17
  com.unity.timeline@1.1.0
  com.unity.ugui@1.0.0
  com.unity.xr.legacyinputhelpers@2.0.4
  com.unity.xr.oculus.standalone@1.38.1
  com.unity.xr.openvr.standalone@1.0.5
  com.unity.modules.androidjni@1.0.0
